<?xml version="1.0" encoding="UTF-8"?>
<!-- Generated by org.testng.reporters.JUnitReportReporter -->
<testsuite hostname="DESKTOP-4582I2H" failures="0" tests="1" name="libertytestpkg.Libertytest" time="124.379" errors="0" timestamp="2023-10-30T15:25:59 IST" skipped="0">
  <testcase classname="libertytestpkg.Libertytest" name="test1" time="124.379"/>
</testsuite> <!-- libertytestpkg.Libertytest -->
